2023-04-17 09:53:21,645 INFO o.a.j.u.JMeterUtils: Setting Locale to ru_RU
2023-04-17 09:53:21,654 ERROR o.a.j.u.JMeterUtils: Could not find resources for 'ru_RU'
2023-04-17 09:53:21,654 INFO o.a.j.JMeter: Loading user properties from: user.properties
2023-04-17 09:53:21,654 INFO o.a.j.JMeter: Loading system properties from: system.properties
2023-04-17 09:53:21,660 INFO o.a.j.JMeter: Copyright (c) 1998-2022 The Apache Software Foundation
2023-04-17 09:53:21,660 INFO o.a.j.JMeter: Version 5.5
2023-04-17 09:53:21,660 INFO o.a.j.JMeter: java.version=1.8.0_361
2023-04-17 09:53:21,660 INFO o.a.j.JMeter: java.vm.name=Java HotSpot(TM) 64-Bit Server VM
2023-04-17 09:53:21,660 INFO o.a.j.JMeter: os.name=Windows 11
2023-04-17 09:53:21,660 INFO o.a.j.JMeter: os.arch=amd64
2023-04-17 09:53:21,660 INFO o.a.j.JMeter: os.version=10.0
2023-04-17 09:53:21,660 INFO o.a.j.JMeter: file.encoding=Cp1251
2023-04-17 09:53:21,660 INFO o.a.j.JMeter: java.awt.headless=null
2023-04-17 09:53:21,660 INFO o.a.j.JMeter: Max memory     =3803185152
2023-04-17 09:53:21,660 INFO o.a.j.JMeter: Available Processors =12
2023-04-17 09:53:21,664 INFO o.a.j.JMeter: Default Locale=русский (Россия)
2023-04-17 09:53:21,664 INFO o.a.j.JMeter: JMeter  Locale=русский (Россия)
2023-04-17 09:53:21,664 INFO o.a.j.JMeter: JMeterHome=D:\LT Tasks\apache-jmeter-5.5
2023-04-17 09:53:21,664 INFO o.a.j.JMeter: user.dir  =D:\LT Tasks\apache-jmeter-5.5\bin
2023-04-17 09:53:21,664 INFO o.a.j.JMeter: PWD       =D:\LT Tasks\apache-jmeter-5.5\bin
2023-04-17 09:53:21,692 INFO o.a.j.JMeter: IP: 192.168.1.26 Name: Romano FullName: 192.168.1.26
2023-04-17 09:53:21,704 INFO o.a.j.JMeter: Loaded icon properties from org/apache/jmeter/images/icon.properties
2023-04-17 09:53:21,820 INFO o.a.j.JMeterGuiLauncher: Setting LAF to: com.github.weisj.darklaf.DarkLaf:com.github.weisj.darklaf.theme.DarculaTheme
2023-04-17 09:53:23,247 INFO o.j.r.JARSourceHTTP: Requesting https://jmeter-plugins.org/repo/?installID=windows_11-433a7c54f0df0dff73f006b85e12500b-gui
2023-04-17 09:53:25,247 INFO o.j.r.PluginManager: Plugins Status: [jpgc-graphs-basic=2.0, blazemeter-debugger=0.6, jpgc-functions=2.2, jpgc-casutg=2.10, jpgc-dummy=0.4, jpgc-ffw=2.0, jpgc-fifo=0.2, jpgc-json=2.7, jpgc-perfmon=2.1, jpgc-plugins-manager=1.9, jpgc-tst=2.5, jmeter-core=5.5, jmeter-ftp=5.5, jmeter-http=5.5, jmeter-jdbc=5.5, jmeter-jms=5.5, jmeter-junit=5.5, jmeter-java=5.5, jmeter-ldap=5.5, jmeter-mail=5.5, jmeter-mongodb=5.5, jmeter-native=5.5, jmeter-tcp=5.5, jmeter-components=5.5, jpgc-standard=2.0]
